<?xml version="1.0" encoding="UTF-8"?>
<!-- Generated by org.testng.reporters.JUnitReportReporter -->
<testsuite hostname="DESKTOP-15P8K1F" failures="0" tests="4" name="Runner.TestRunner" time="24.464" errors="0" timestamp="2023-10-02T16:29:37 CDT" skipped="0">
  <testcase classname="Runner.TestRunner" name="runScenario" time="8.460"/>
  <system-out/>
  <testcase classname="Runner.TestRunner" name="runScenario" time="5.440"/>
  <system-out/>
  <testcase classname="Runner.TestRunner" name="runScenario" time="5.313"/>
  <system-out/>
  <testcase classname="Runner.TestRunner" name="runScenario" time="5.251"/>
  <system-out/>
</testsuite> <!-- Runner.TestRunner -->
